<?xml version="1.0" encoding="UTF-8"?>
<!-- Generated by org.testng.reporters.JUnitXMLReporter -->
<testsuite hostname="ECOWS-202" ignored="0" name="Surefire test" tests="4" failures="0" timestamp="11 Dec 2019 15:10:04 GMT" time="186.788" errors="0">
  <testcase name="TestAward" time="21.704" classname="Com.HRMS.TestCase.TestCoreHR"/>
  <testcase name="TestCreateEmployee" time="41.991" classname="Com.HRMS.TestCase.TestHrmsStaffPage"/>
  <testcase name="LoginTest" time="6.646" classname="Com.HRMS.TestCase.TestLogin"/>
  <testcase name="TestCompany" time="23.264" classname="Com.HRMS.TestCase.TestOrganizationPage"/>
</testsuite> <!-- Surefire test -->
