<?xml version="1.0" encoding="UTF-8"?>
<testng-results skipped="0" failed="0" ignored="0" total="4" passed="4">
  <reporter-output>
  </reporter-output>
  <suite name="Surefire suite" duration-ms="186788" started-at="2019-12-11T15:06:57Z" finished-at="2019-12-11T15:10:04Z">
    <groups>
    </groups>
    <test name="Surefire test" duration-ms="186788" started-at="2019-12-11T15:06:57Z" finished-at="2019-12-11T15:10:04Z">
      <class name="Com.HRMS.TestCase.TestHrmsStaffPage">
        <test-method status="PASS" signature="start()[pri:0, instance:Com.HRMS.TestCase.TestHrmsStaffPage@32e6e9c3]" name="start" is-config="true" duration-ms="25014" started-at="2019-12-11T15:07:46Z" finished-at="2019-12-11T15:08:11Z">
          <reporter-output>
          </reporter-output>
        </test-method> <!-- start -->
        <test-method status="PASS" signature="TestCreateEmployee()[pri:0, instance:Com.HRMS.TestCase.TestHrmsStaffPage@32e6e9c3]" name="TestCreateEmployee" duration-ms="41991" started-at="2019-12-11T15:08:11Z" finished-at="2019-12-11T15:08:53Z">
          <reporter-output>
          </reporter-output>
        </test-method> <!-- TestCreateEmployee -->
        <test-method status="PASS" signature="End()[pri:0, instance:Com.HRMS.TestCase.TestHrmsStaffPage@32e6e9c3]" name="End" is-config="true" duration-ms="131" started-at="2019-12-11T15:08:53Z" finished-at="2019-12-11T15:08:53Z">
          <reporter-output>
          </reporter-output>
        </test-method> <!-- End -->
      </class> <!-- Com.HRMS.TestCase.TestHrmsStaffPage -->
      <class name="Com.HRMS.TestCase.TestLogin">
        <test-method status="PASS" signature="setup()[pri:0, instance:Com.HRMS.TestCase.TestLogin@5056dfcb]" name="setup" is-config="true" duration-ms="17420" started-at="2019-12-11T15:08:53Z" finished-at="2019-12-11T15:09:10Z">
          <reporter-output>
          </reporter-output>
        </test-method> <!-- setup -->
        <test-method status="PASS" signature="LoginTest()[pri:0, instance:Com.HRMS.TestCase.TestLogin@5056dfcb]" name="LoginTest" duration-ms="6646" started-at="2019-12-11T15:09:10Z" finished-at="2019-12-11T15:09:17Z">
          <reporter-output>
          </reporter-output>
        </test-method> <!-- LoginTest -->
        <test-method status="PASS" signature="End()[pri:0, instance:Com.HRMS.TestCase.TestLogin@5056dfcb]" name="End" is-config="true" duration-ms="159" started-at="2019-12-11T15:09:17Z" finished-at="2019-12-11T15:09:17Z">
          <reporter-output>
          </reporter-output>
        </test-method> <!-- End -->
      </class> <!-- Com.HRMS.TestCase.TestLogin -->
      <class name="Com.HRMS.TestCase.TestCoreHR">
        <test-method status="PASS" signature="start()[pri:0, instance:Com.HRMS.TestCase.TestCoreHR@4590c9c3]" name="start" is-config="true" duration-ms="26629" started-at="2019-12-11T15:06:57Z" finished-at="2019-12-11T15:07:24Z">
          <reporter-output>
          </reporter-output>
        </test-method> <!-- start -->
        <test-method status="PASS" signature="TestAward()[pri:0, instance:Com.HRMS.TestCase.TestCoreHR@4590c9c3]" name="TestAward" duration-ms="21704" started-at="2019-12-11T15:07:24Z" finished-at="2019-12-11T15:07:46Z">
          <reporter-output>
          </reporter-output>
        </test-method> <!-- TestAward -->
        <test-method status="PASS" signature="end()[pri:0, instance:Com.HRMS.TestCase.TestCoreHR@4590c9c3]" name="end" is-config="true" duration-ms="172" started-at="2019-12-11T15:07:46Z" finished-at="2019-12-11T15:07:46Z">
          <reporter-output>
          </reporter-output>
        </test-method> <!-- end -->
      </class> <!-- Com.HRMS.TestCase.TestCoreHR -->
      <class name="Com.HRMS.TestCase.TestOrganizationPage">
        <test-method status="PASS" signature="start()[pri:0, instance:Com.HRMS.TestCase.TestOrganizationPage@6574b225]" name="start" is-config="true" duration-ms="23500" started-at="2019-12-11T15:09:17Z" finished-at="2019-12-11T15:09:41Z">
          <reporter-output>
          </reporter-output>
        </test-method> <!-- start -->
        <test-method status="PASS" signature="TestCompany()[pri:0, instance:Com.HRMS.TestCase.TestOrganizationPage@6574b225]" name="TestCompany" duration-ms="23264" started-at="2019-12-11T15:09:41Z" finished-at="2019-12-11T15:10:04Z">
          <reporter-output>
          </reporter-output>
        </test-method> <!-- TestCompany -->
        <test-method status="PASS" signature="End()[pri:0, instance:Com.HRMS.TestCase.TestOrganizationPage@6574b225]" name="End" is-config="true" duration-ms="112" started-at="2019-12-11T15:10:04Z" finished-at="2019-12-11T15:10:04Z">
          <reporter-output>
          </reporter-output>
        </test-method> <!-- End -->
      </class> <!-- Com.HRMS.TestCase.TestOrganizationPage -->
    </test> <!-- Surefire test -->
  </suite> <!-- Surefire suite -->
</testng-results>
